2024-11-19 23:30:11,046 - server - INFO - Server starting up...
2024-11-19 23:33:02,148 - server - INFO - Server shutting down...
2024-11-19 23:36:04,023 - server - INFO - Server starting up...
2024-11-19 23:38:29,570 - server - INFO - Server shutting down...
2024-11-19 23:38:48,282 - server - INFO - Server starting up...
2024-11-19 23:38:50,293 - server - INFO - Request: GET http://127.0.0.1:8000/
2024-11-19 23:38:50,298 - server - INFO - Response: 200 - Duration: 0.005s
2024-11-19 23:38:50,382 - server - INFO - Request: GET http://127.0.0.1:8000/favicon.ico
2024-11-19 23:38:50,385 - server - INFO - Response: 404 - Duration: 0.003s
2024-11-19 23:38:50,420 - server - INFO - Request: GET http://127.0.0.1:8000/favicon.ico
2024-11-19 23:38:50,422 - server - INFO - Response: 404 - Duration: 0.002s
2024-11-19 23:39:04,291 - server - INFO - Request: GET http://127.0.0.1:8000/mock/users
2024-11-19 23:39:04,292 - server - INFO - Response: 200 - Duration: 0.001s
2024-11-19 23:39:21,358 - server - INFO - Request: GET http://127.0.0.1:8000/auth/login
2024-11-19 23:39:21,632 - server - INFO - Response: 302 - Duration: 0.273s
2024-11-19 23:39:46,696 - server - INFO - Request: GET http://127.0.0.1:8000/auth/login
2024-11-19 23:39:46,705 - server - INFO - Response: 302 - Duration: 0.010s
2024-11-19 23:39:47,475 - server - INFO - Request: GET http://localhost:8000/auth/callback?code=4005ce3790e46f419e16d09a7fc460d3bb8f8d062f72e404f027d264ce3f703a&state=JaOL9jwuIQ1MRy410B6Uav0GkO8KVI
2024-11-19 23:39:47,476 - server - INFO - Response: 400 - Duration: 0.001s
2024-11-19 23:39:47,527 - server - INFO - Request: GET http://localhost:8000/favicon.ico
2024-11-19 23:39:47,528 - server - INFO - Response: 404 - Duration: 0.001s
2024-11-19 23:39:47,551 - server - INFO - Request: GET http://localhost:8000/favicon.ico
2024-11-19 23:39:47,552 - server - INFO - Response: 404 - Duration: 0.001s
2024-11-19 23:40:22,111 - server - INFO - Server shutting down...
2024-11-19 23:40:25,812 - server - INFO - Server starting up...
2024-11-19 23:40:36,068 - server - INFO - Request: GET http://localhost:8000/auth/login
2024-11-19 23:40:36,350 - server - INFO - Response: 302 - Duration: 0.281s
2024-11-19 23:40:36,686 - server - INFO - Request: GET http://localhost:8000/auth/callback?code=552db7dd7c1eedf58528b38ce5807c899d62491c36c1ed3811f8a05491440a48&state=OcG9jVRQ1q3F4DdDLIraioaFIkmBjF
2024-11-19 23:40:37,156 - server - INFO - Response: 307 - Duration: 0.470s
2024-11-19 23:40:37,162 - server - INFO - Request: GET http://localhost:8000/admins/verify
2024-11-19 23:40:37,163 - server - INFO - Response: 404 - Duration: 0.001s
2024-11-19 23:40:37,216 - server - INFO - Request: GET http://localhost:8000/favicon.ico
2024-11-19 23:40:37,218 - server - INFO - Response: 404 - Duration: 0.002s
2024-11-19 23:40:37,239 - server - INFO - Request: GET http://localhost:8000/favicon.ico
2024-11-19 23:40:37,240 - server - INFO - Response: 404 - Duration: 0.001s
