2024-12-02 00:05:35,932 - server - INFO - GitLab OAuth initialized successfully
2024-12-02 00:05:36,612 - server - INFO - Server starting up...
2024-12-02 00:05:45,314 - server - INFO - Request: GET http://localhost:8000/auth/callback?code=224be044cbfe6da67090a6bd4f73eb7e9cedb512b57a82b523338dad1a767812
2024-12-02 00:05:45,322 - server - INFO - Response: 400 - Duration: 0.008s
2024-12-02 00:05:57,161 - server - INFO - Request: GET http://localhost:8000/auth/login
2024-12-02 00:05:57,685 - server - INFO - User KonradRtz not found in the database.
2024-12-02 00:05:57,735 - server - INFO - Response: 200 - Duration: 0.575s
2024-12-02 00:06:20,446 - server - INFO - Request: POST http://localhost:8000/auth/auth/signup?token=eyJhbGciOiJIUzI1NiIsInR5cCI6IkpXVCJ9.eyJzdWIiOiIyNDc2NTE1MCIsIm5hbWUiOiJLb25yYWRSdHoiLCJlbWFpbCI6ImsucmV0emxhZmZAc3R1ZGVudC5tYWFzdHJpY2h0dW5pdmVyc2l0eS5ubCIsInJvbGUiOiJBRE1JTiIsImxvZ2dlZF9pbiI6ZmFsc2UsImV4cCI6MTczMzA5NDY1N30.fLHWWudW0XiCmifo9U1zlDytihQdGAZz39VFrnIoqwg
2024-12-02 00:06:20,450 - server - INFO - Response: 404 - Duration: 0.003s
2024-12-02 00:06:42,315 - server - INFO - Request: POST http://localhost:8000/auth/auth/signup?token=eyJhbGciOiJIUzI1NiIsInR5cCI6IkpXVCJ9.eyJzdWIiOiIyNDc2NTE1MCIsIm5hbWUiOiJLb25yYWRSdHoiLCJlbWFpbCI6ImsucmV0emxhZmZAc3R1ZGVudC5tYWFzdHJpY2h0dW5pdmVyc2l0eS5ubCIsInJvbGUiOiJBRE1JTiIsImxvZ2dlZF9pbiI6ZmFsc2UsImV4cCI6MTczMzA5NDY1N30.fLHWWudW0XiCmifo9U1zlDytihQdGAZz39VFrnIoqwg
2024-12-02 00:06:42,318 - server - INFO - Response: 404 - Duration: 0.003s
2024-12-02 00:07:08,408 - server - INFO - Request: GET http://localhost:8000/auth/login
2024-12-02 00:07:08,772 - server - INFO - User KonradRtz not found in the database.
2024-12-02 00:07:08,778 - server - INFO - Response: 200 - Duration: 0.370s
2024-12-02 00:07:16,110 - server - INFO - Request: POST http://localhost:8000/auth/signup?token=eyJhbGciOiJIUzI1NiIsInR5cCI6IkpXVCJ9.eyJzdWIiOiIyNDc2NTE1MCIsIm5hbWUiOiJLb25yYWRSdHoiLCJlbWFpbCI6ImsucmV0emxhZmZAc3R1ZGVudC5tYWFzdHJpY2h0dW5pdmVyc2l0eS5ubCIsInJvbGUiOiJBRE1JTiIsImxvZ2dlZF9pbiI6ZmFsc2UsImV4cCI6MTczMzA5NDY1N30.fLHWWudW0XiCmifo9U1zlDytihQdGAZz39VFrnIoqwg
2024-12-02 00:07:16,214 - server - INFO - Response: 200 - Duration: 0.104s
2024-12-02 00:07:30,340 - server - INFO - Request: GET http://127.0.0.1:8000/admin/dashboard
2024-12-02 00:07:30,377 - server - INFO - Response: 200 - Duration: 0.038s
2024-12-02 00:09:43,147 - server - INFO - Request: GET http://127.0.0.1:8000/admin/dashboard
2024-12-02 00:09:43,159 - server - INFO - Response: 200 - Duration: 0.013s
2024-12-02 00:09:44,186 - server - INFO - Request: GET http://127.0.0.1:8000/admin/dashboard
2024-12-02 00:09:44,197 - server - INFO - Response: 200 - Duration: 0.010s
2024-12-02 09:29:25,656 - server - INFO - Server shutting down...
2024-12-02 09:29:31,431 - server - INFO - GitLab OAuth initialized successfully
2024-12-02 09:29:31,951 - server - INFO - Server starting up...
2024-12-02 09:29:41,161 - server - INFO - Request: GET http://localhost:8000/auth/callback?code=f91dcf3f3511a6322263243e59169aeb73c7ee943bfdffbfdd4d0bca56796189
2024-12-02 09:29:41,169 - server - INFO - Response: 400 - Duration: 0.007s
2024-12-02 09:29:50,801 - server - INFO - Request: GET http://localhost:8000/auth/login
2024-12-02 09:29:51,140 - server - INFO - Response: 401 - Duration: 0.339s
2024-12-02 09:30:13,404 - server - INFO - Request: GET http://localhost:8000/auth/login
2024-12-02 09:30:13,852 - server - INFO - Response: 401 - Duration: 0.448s
2024-12-02 09:30:17,291 - server - INFO - Request: GET http://127.0.0.1:8000/admin/dashboard
2024-12-02 09:30:17,305 - server - ERROR - Error decoding token: Signature has expired.
2024-12-02 09:30:17,308 - server - INFO - Response: 401 - Duration: 0.016s
2024-12-02 09:30:57,820 - server - INFO - Request: GET http://localhost:8000/auth/callback?code=9600142c4b3f13b65c2c6f0d3999f062af156be70b31d2f55cee2fc3b7b08c6e
2024-12-02 09:30:57,826 - server - INFO - Response: 400 - Duration: 0.006s
2024-12-02 09:31:14,027 - server - INFO - Request: GET http://localhost:8000/auth/login
2024-12-02 09:31:14,549 - server - INFO - Logging in user KonradRtz.
2024-12-02 09:31:14,576 - server - INFO - Success. User KonradRtz logged in.
2024-12-02 09:31:14,579 - server - INFO - Response: 200 - Duration: 0.551s
2024-12-02 09:31:30,832 - server - INFO - Request: GET http://127.0.0.1:8000/admin/dashboard
2024-12-02 09:31:30,862 - server - INFO - Response: 200 - Duration: 0.030s
2024-12-02 09:31:31,858 - server - INFO - Request: GET http://127.0.0.1:8000/admin/dashboard
2024-12-02 09:31:31,869 - server - INFO - Response: 200 - Duration: 0.011s
2024-12-02 09:31:32,152 - server - INFO - Request: GET http://127.0.0.1:8000/admin/dashboard
2024-12-02 09:31:32,159 - server - INFO - Response: 200 - Duration: 0.007s
2024-12-02 09:31:32,361 - server - INFO - Request: GET http://127.0.0.1:8000/admin/dashboard
2024-12-02 09:31:32,369 - server - INFO - Response: 200 - Duration: 0.008s
2024-12-02 09:32:59,291 - server - INFO - Server shutting down...
2024-12-02 09:33:03,474 - server - INFO - GitLab OAuth initialized successfully
2024-12-02 09:33:03,717 - server - INFO - Server starting up...
2024-12-02 09:33:08,708 - server - INFO - Request: GET http://127.0.0.1:8000/admin/dashboard
2024-12-02 09:33:08,732 - server - INFO - Response: 200 - Duration: 0.023s
2024-12-02 09:37:28,519 - server - INFO - Server shutting down...
2024-12-02 09:37:32,427 - server - INFO - GitLab OAuth initialized successfully
2024-12-02 09:37:32,646 - server - INFO - Server starting up...
2024-12-02 09:37:40,795 - server - INFO - Request: GET http://127.0.0.1:8000/admin/dashboard
2024-12-02 09:37:40,804 - server - ERROR - Error processing request: name 'USE_REDIS' is not defined
2024-12-02 09:38:53,155 - server - INFO - Server shutting down...
2024-12-02 09:38:56,575 - server - INFO - GitLab OAuth initialized successfully
2024-12-02 09:40:10,458 - server - INFO - GitLab OAuth initialized successfully
2024-12-02 09:40:53,281 - server - INFO - GitLab OAuth initialized successfully
2024-12-02 09:40:53,633 - server - INFO - Server starting up...
2024-12-02 09:40:57,493 - server - INFO - Request: GET http://127.0.0.1:8000/admin/dashboard
2024-12-02 09:40:57,561 - server - INFO - Response: 200 - Duration: 0.068s
